/usr/local/opt/rbenv/versions/2.1.5/bin/ruby -r ./siteconf20160221-30632-zos7du.rb extconf.rb
checking for main() in -lpthread... yes
creating Makefile

make "DESTDIR=" clean

make "DESTDIR="
compiling constraints.cc
compiling primitive.cc
compiling v8.cc
compiling init.cc
compiling string.cc
compiling external.cc
compiling function.cc
compiling exception.cc
compiling stack.cc
compiling accessor.cc
compiling heap.cc
compiling gc.cc
compiling rr.cc
compiling message.cc
compiling array.cc
compiling trycatch.cc
compiling context.cc
compiling locker.cc
compiling constants.cc
compiling signature.cc
compiling template.cc
compiling value.cc
compiling object.cc
compiling backref.cc
compiling script.cc
compiling invocation.cc
compiling date.cc
compiling handles.cc
linking shared-object v8/init.so

make "DESTDIR=" install
/usr/bin/install -c -m 0755 init.so ./.gem.20160221-30632-1if2awr/v8
installing default init libraries
